Determining if the pthread_create exist failed with the following output:
Change Dir: /home/hly/Program/rosWs/build/CMakeFiles/CMakeTmp

Run Build Command:"/usr/bin/make" "cmTC_48edf/fast"
/usr/bin/make -f CMakeFiles/cmTC_48edf.dir/build.make CMakeFiles/cmTC_48edf.dir/build
make[1]: Entering directory '/home/hly/Program/rosWs/build/CMakeFiles/CMakeTmp'
Building C object CMakeFiles/cmTC_48edf.dir/CheckSymbolExists.c.o
/usr/bin/cc    -o CMakeFiles/cmTC_48edf.dir/CheckSymbolExists.c.o   -c /home/hly/Program/rosWs/build/CMakeFiles/CMakeTmp/CheckSymbolExists.c
Linking C executable cmTC_48edf
/usr/bin/cmake -E cmake_link_script CMakeFiles/cmTC_48edf.dir/link.txt --verbose=1
/usr/bin/cc      -rdynamic CMakeFiles/cmTC_48edf.dir/CheckSymbolExists.c.o  -o cmTC_48edf 
CMakeFiles/cmTC_48edf.dir/CheckSymbolExists.c.o: In function `main':
CheckSymbolExists.c:(.text+0x1b): undefined reference to `pthread_create'
collect2: error: ld returned 1 exit status
CMakeFiles/cmTC_48edf.dir/build.make:97: recipe for target 'cmTC_48edf' failed
make[1]: *** [cmTC_48edf] Error 1
make[1]: Leaving directory '/home/hly/Program/rosWs/build/CMakeFiles/CMakeTmp'
Makefile:126: recipe for target 'cmTC_48edf/fast' failed
make: *** [cmTC_48edf/fast] Error 2

File /home/hly/Program/rosWs/build/CMakeFiles/CMakeTmp/CheckSymbolExists.c:
/* */
#include <pthread.h>

int main(int argc, char** argv)
{
  (void)argv;
#ifndef pthread_create
  return ((int*)(&pthread_create))[argc];
#else
  (void)argc;
  return 0;
#endif
}

Determining if the function pthread_create exists in the pthreads failed with the following output:
Change Dir: /home/hly/Program/rosWs/build/CMakeFiles/CMakeTmp

Run Build Command:"/usr/bin/make" "cmTC_7dc4a/fast"
/usr/bin/make -f CMakeFiles/cmTC_7dc4a.dir/build.make CMakeFiles/cmTC_7dc4a.dir/build
make[1]: Entering directory '/home/hly/Program/rosWs/build/CMakeFiles/CMakeTmp'
Building C object CMakeFiles/cmTC_7dc4a.dir/CheckFunctionExists.c.o
/usr/bin/cc   -DCHECK_FUNCTION_EXISTS=pthread_create   -o CMakeFiles/cmTC_7dc4a.dir/CheckFunctionExists.c.o   -c /usr/share/cmake-3.10/Modules/CheckFunctionExists.c
Linking C executable cmTC_7dc4a
/usr/bin/cmake -E cmake_link_script CMakeFiles/cmTC_7dc4a.dir/link.txt --verbose=1
/usr/bin/cc  -DCHECK_FUNCTION_EXISTS=pthread_create    -rdynamic CMakeFiles/cmTC_7dc4a.dir/CheckFunctionExists.c.o  -o cmTC_7dc4a -lpthreads 
/usr/bin/ld: cannot find -lpthreads
collect2: error: ld returned 1 exit status
CMakeFiles/cmTC_7dc4a.dir/build.make:97: recipe for target 'cmTC_7dc4a' failed
make[1]: *** [cmTC_7dc4a] Error 1
make[1]: Leaving directory '/home/hly/Program/rosWs/build/CMakeFiles/CMakeTmp'
Makefile:126: recipe for target 'cmTC_7dc4a/fast' failed
make: *** [cmTC_7dc4a/fast] Error 2


